<?xml version="1.0" encoding="UTF-8"?>
<testsuite name="com.example.kki.web.HelloControllerTest" tests="2" skipped="0" failures="0" errors="0" timestamp="2021-03-12T04:23:20" hostname="DESKTOP-86H7EEI" time="0.284">
  <properties/>
  <testcase name="hello가_리턴된다" classname="com.example.kki.web.HelloControllerTest" time="0.118"/>
  <testcase name="helloDto가_리턴된다" classname="com.example.kki.web.HelloControllerTest" time="0.165"/>
  <system-out><![CDATA[2021-03-12 13:23:17.839  INFO 8592 --- [    Test worker] .b.t.a.w.s.WebMvcTestContextBootstrapper : Neither @ContextConfiguration nor @ContextHierarchy found for test class [com.example.kki.web.HelloControllerTest], using SpringBootContextLoader
2021-03-12 13:23:17.850  INFO 8592 --- [    Test worker] o.s.t.c.support.AbstractContextLoader    : Could not detect default resource locations for test class [com.example.kki.web.HelloControllerTest]: no resource found for suffixes {-context.xml, Context.groovy}.
2021-03-12 13:23:17.852  INFO 8592 --- [    Test worker] t.c.s.AnnotationConfigContextLoaderUtils : Could not detect default configuration classes for test class [com.example.kki.web.HelloControllerTest]: HelloControllerTest does not declare any static, non-private, non-final, nested classes annotated with @Configuration.
2021-03-12 13:23:17.944  INFO 8592 --- [    Test worker] .b.t.c.SpringBootTestContextBootstrapper : Found @SpringBootConfiguration com.example.kki.Application for test class com.example.kki.web.HelloControllerTest
2021-03-12 13:23:17.948  INFO 8592 --- [    Test worker] .b.t.a.w.s.WebMvcTestContextBootstrapper : Loaded default TestExecutionListener class names from location [META-INF/spring.factories]: [org.springframework.security.test.context.support.WithSecurityContextTestExecutionListener, org.springframework.security.test.context.support.ReactorContextTestExecutionListener, org.springframework.boot.test.autoconfigure.restdocs.RestDocsTestExecutionListener, org.springframework.boot.test.autoconfigure.web.client.MockRestServiceServerResetTestExecutionListener, org.springframework.boot.test.autoconfigure.web.servlet.MockMvcPrintOnlyOnFailureTestExecutionListener, org.springframework.boot.test.autoconfigure.web.servlet.WebDriverTestExecutionListener, org.springframework.boot.test.mock.mockito.MockitoTestExecutionListener, org.springframework.boot.test.mock.mockito.ResetMocksTestExecutionListener, org.springframework.test.context.web.ServletTestExecutionListener, org.springframework.test.context.support.DirtiesContextBeforeModesTestExecutionListener, org.springframework.test.context.support.DependencyInjectionTestExecutionListener, org.springframework.test.context.support.DirtiesContextTestExecutionListener, org.springframework.test.context.transaction.TransactionalTestExecutionListener, org.springframework.test.context.jdbc.SqlScriptsTestExecutionListener]
2021-03-12 13:23:17.950  INFO 8592 --- [    Test worker] .b.t.a.w.s.WebMvcTestContextBootstrapper : Using TestExecutionListeners: [org.springframework.test.context.web.ServletTestExecutionListener@281a3aa8, org.springframework.test.context.support.DirtiesContextBeforeModesTestExecutionListener@1b534af3, org.springframework.boot.test.mock.mockito.MockitoTestExecutionListener@20b9848c, org.springframework.boot.test.autoconfigure.SpringBootDependencyInjectionTestExecutionListener@723eaeda, org.springframework.test.context.support.DirtiesContextTestExecutionListener@b08054f, org.springframework.test.context.transaction.TransactionalTestExecutionListener@a8dd20f, org.springframework.test.context.jdbc.SqlScriptsTestExecutionListener@66fcba36, org.springframework.security.test.context.support.WithSecurityContextTestExecutionListener@61b3804d, org.springframework.security.test.context.support.ReactorContextTestExecutionListener@2adad349, org.springframework.boot.test.autoconfigure.restdocs.RestDocsTestExecutionListener@4e2361b7, org.springframework.boot.test.autoconfigure.web.client.MockRestServiceServerResetTestExecutionListener@4d8d5f4f, org.springframework.boot.test.autoconfigure.web.servlet.MockMvcPrintOnlyOnFailureTestExecutionListener@30c10f5b, org.springframework.boot.test.autoconfigure.web.servlet.WebDriverTestExecutionListener@4c7dc291, org.springframework.boot.test.mock.mockito.ResetMocksTestExecutionListener@19863c70]

  .   ____          _            __ _ _
 /\\ / ___'_ __ _ _(_)_ __  __ _ \ \ \ \
( ( )\___ | '_ | '_| | '_ \/ _` | \ \ \ \
 \\/  ___)| |_)| | | | | || (_| |  ) ) ) )
  '  |____| .__|_| |_|_| |_\__, | / / / /
 =========|_|==============|___/=/_/_/_/
 :: Spring Boot ::        (v2.1.9.RELEASE)

2021-03-12 13:23:18.075  INFO 8592 --- [    Test worker] com.example.kki.web.HelloControllerTest  : Starting HelloControllerTest on DESKTOP-86H7EEI with PID 8592 (started by kimki in F:\SpringWorkspace\firstservice)
2021-03-12 13:23:18.083  INFO 8592 --- [    Test worker] com.example.kki.web.HelloControllerTest  : No active profile set, falling back to default profiles: default
2021-03-12 13:23:19.107  INFO 8592 --- [    Test worker] o.s.s.concurrent.ThreadPoolTaskExecutor  : Initializing ExecutorService 'applicationTaskExecutor'
2021-03-12 13:23:19.192  INFO 8592 --- [    Test worker] o.s.b.a.w.s.WelcomePageHandlerMapping    : Adding welcome page template: index
2021-03-12 13:23:19.520  INFO 8592 --- [    Test worker] .s.s.UserDetailsServiceAutoConfiguration : 

Using generated security password: 849550c7-d24a-4002-a7e3-43a80a842bf2

2021-03-12 13:23:19.800  INFO 8592 --- [    Test worker] o.s.s.web.DefaultSecurityFilterChain     : Creating filter chain: any request, [org.springframework.security.web.context.request.async.WebAsyncManagerIntegrationFilter@1371eb0f, org.springframework.security.web.context.SecurityContextPersistenceFilter@3b1b2ee1, org.springframework.security.web.header.HeaderWriterFilter@41de2226, org.springframework.security.web.csrf.CsrfFilter@11e5599b, org.springframework.security.web.authentication.logout.LogoutFilter@53123009, org.springframework.security.web.authentication.UsernamePasswordAuthenticationFilter@1f43cc90, org.springframework.security.web.authentication.ui.DefaultLoginPageGeneratingFilter@7a7fe2ad, org.springframework.security.web.authentication.ui.DefaultLogoutPageGeneratingFilter@2d0a9bc3, org.springframework.security.web.authentication.www.BasicAuthenticationFilter@339f5a12, org.springframework.security.web.savedrequest.RequestCacheAwareFilter@5442cf2b, org.springframework.security.web.servletapi.SecurityContextHolderAwareRequestFilter@64bd1897, org.springframework.security.web.authentication.AnonymousAuthenticationFilter@648c1bba, org.springframework.security.web.session.SessionManagementFilter@7acc9207, org.springframework.security.web.access.ExceptionTranslationFilter@47f51879, org.springframework.security.web.access.intercept.FilterSecurityInterceptor@265b9cff]
2021-03-12 13:23:19.873  INFO 8592 --- [    Test worker] o.s.b.t.m.w.SpringBootMockServletContext : Initializing Spring TestDispatcherServlet ''
2021-03-12 13:23:19.874  INFO 8592 --- [    Test worker] o.s.t.web.servlet.TestDispatcherServlet  : Initializing Servlet ''
2021-03-12 13:23:19.906  INFO 8592 --- [    Test worker] o.s.t.web.servlet.TestDispatcherServlet  : Completed initialization in 32 ms
2021-03-12 13:23:19.988  INFO 8592 --- [    Test worker] com.example.kki.web.HelloControllerTest  : Started HelloControllerTest in 2.031 seconds (JVM running for 19.808)
]]></system-out>
  <system-err><![CDATA[]]></system-err>
</testsuite>
