<?xml version="1.0" encoding="UTF-8"?>
<testsuite name="com.example.kki.web.dto.HelloResponseDtoTest" tests="1" skipped="0" failures="0" errors="0" timestamp="2021-03-12T04:23:17" hostname="DESKTOP-86H7EEI" time="0.002">
  <properties/>
  <testcase name="롬복_기능_테스트" classname="com.example.kki.web.dto.HelloResponseDtoTest" time="0.002"/>
  <system-out><![CDATA[]]></system-out>
  <system-err><![CDATA[]]></system-err>
</testsuite>
